<?xml version="1.0" encoding="UTF-8"?>
<!-- Generated by org.testng.reporters.JUnitReportReporter -->
<testsuite hostname="Akshay-PC" name="com.mms.Screenshot" tests="1" failures="0" timestamp="21 Dec 2015 11:16:21 GMT" time="15.695" errors="0">
  <testcase name="openBrowser" time="15.695" classname="com.mms.Screenshot"/>
</testsuite> <!-- com.mms.Screenshot -->
