<?xml version="1.0" encoding="UTF-8"?>
<!-- Generated by org.testng.reporters.JUnitReportReporter -->
<testsuite hostname="Akshay-PC" name="com.mms.AlertPopup" tests="1" failures="0" timestamp="21 Dec 2015 12:00:50 GMT" time="8.220" errors="0">
  <testcase name="ExampleForAlert" time="8.220" classname="com.mms.AlertPopup"/>
</testsuite> <!-- com.mms.AlertPopup -->
