<?xml version="1.0" encoding="UTF-8"?>
<!-- Generated by org.testng.reporters.JUnitReportReporter -->
<testsuite hostname="Akshay-PC" name="com.mms.Date" tests="1" failures="0" timestamp="16 Dec 2015 12:32:46 GMT" time="13.960" errors="0">
  <testcase name="testJQueryDatePicket" time="13.960" classname="com.mms.Date"/>
</testsuite> <!-- com.mms.Date -->
